[logfiles]
ParallelRoot : ./out/logPrueba.log00 
top : ./out/logPrueba.log1002 
sociedad : ./out/logPrueba.log1001 
persona0 : ./out/logPrueba.log01 
persona1 : ./out/logPrueba.log02 
persona2 : ./out/logPrueba.log03 
persona3 : ./out/logPrueba.log04 
persona4 : ./out/logPrueba.log05 
persona5 : ./out/logPrueba.log06 
persona6 : ./out/logPrueba.log07 
persona7 : ./out/logPrueba.log08 
persona8 : ./out/logPrueba.log09 
persona9 : ./out/logPrueba.log10 
persona10 : ./out/logPrueba.log11 
persona11 : ./out/logPrueba.log12 
persona12 : ./out/logPrueba.log13 
persona13 : ./out/logPrueba.log14 
persona14 : ./out/logPrueba.log15 
persona15 : ./out/logPrueba.log16 
persona16 : ./out/logPrueba.log17 
persona17 : ./out/logPrueba.log18 
persona18 : ./out/logPrueba.log19 
persona19 : ./out/logPrueba.log20 
persona20 : ./out/logPrueba.log21 
persona21 : ./out/logPrueba.log22 
persona22 : ./out/logPrueba.log23 
persona23 : ./out/logPrueba.log24 
persona24 : ./out/logPrueba.log25 
persona25 : ./out/logPrueba.log26 
persona26 : ./out/logPrueba.log27 
persona27 : ./out/logPrueba.log28 
persona28 : ./out/logPrueba.log29 
persona29 : ./out/logPrueba.log30 
persona30 : ./out/logPrueba.log31 
persona31 : ./out/logPrueba.log32 
persona32 : ./out/logPrueba.log33 
persona33 : ./out/logPrueba.log34 
persona34 : ./out/logPrueba.log35 
persona35 : ./out/logPrueba.log36 
persona36 : ./out/logPrueba.log37 
persona37 : ./out/logPrueba.log38 
persona38 : ./out/logPrueba.log39 
persona39 : ./out/logPrueba.log40 
persona40 : ./out/logPrueba.log41 
persona41 : ./out/logPrueba.log42 
persona42 : ./out/logPrueba.log43 
persona43 : ./out/logPrueba.log44 
persona44 : ./out/logPrueba.log45 
persona45 : ./out/logPrueba.log46 
persona46 : ./out/logPrueba.log47 
persona47 : ./out/logPrueba.log48 
persona48 : ./out/logPrueba.log49 
persona49 : ./out/logPrueba.log50 
persona50 : ./out/logPrueba.log51 
persona51 : ./out/logPrueba.log52 
persona52 : ./out/logPrueba.log53 
persona53 : ./out/logPrueba.log54 
persona54 : ./out/logPrueba.log55 
persona55 : ./out/logPrueba.log56 
persona56 : ./out/logPrueba.log57 
persona57 : ./out/logPrueba.log58 
persona58 : ./out/logPrueba.log59 
persona59 : ./out/logPrueba.log60 
persona60 : ./out/logPrueba.log61 
persona61 : ./out/logPrueba.log62 
persona62 : ./out/logPrueba.log63 
persona63 : ./out/logPrueba.log64 
persona64 : ./out/logPrueba.log65 
persona65 : ./out/logPrueba.log66 
persona66 : ./out/logPrueba.log67 
persona67 : ./out/logPrueba.log68 
persona68 : ./out/logPrueba.log69 
persona69 : ./out/logPrueba.log70 
persona70 : ./out/logPrueba.log71 
persona71 : ./out/logPrueba.log72 
persona72 : ./out/logPrueba.log73 
persona73 : ./out/logPrueba.log74 
persona74 : ./out/logPrueba.log75 
persona75 : ./out/logPrueba.log76 
persona76 : ./out/logPrueba.log77 
persona77 : ./out/logPrueba.log78 
persona78 : ./out/logPrueba.log79 
persona79 : ./out/logPrueba.log80 
persona80 : ./out/logPrueba.log81 
persona81 : ./out/logPrueba.log82 
persona82 : ./out/logPrueba.log83 
persona83 : ./out/logPrueba.log84 
persona84 : ./out/logPrueba.log85 
persona85 : ./out/logPrueba.log86 
persona86 : ./out/logPrueba.log87 
persona87 : ./out/logPrueba.log88 
persona88 : ./out/logPrueba.log89 
persona89 : ./out/logPrueba.log90 
persona90 : ./out/logPrueba.log91 
persona91 : ./out/logPrueba.log92 
persona92 : ./out/logPrueba.log93 
persona93 : ./out/logPrueba.log94 
persona94 : ./out/logPrueba.log95 
persona95 : ./out/logPrueba.log96 
persona96 : ./out/logPrueba.log97 
persona97 : ./out/logPrueba.log98 
persona98 : ./out/logPrueba.log99 
persona99 : ./out/logPrueba.log100 
persona100 : ./out/logPrueba.log101 
persona101 : ./out/logPrueba.log102 
persona102 : ./out/logPrueba.log103 
persona103 : ./out/logPrueba.log104 
persona104 : ./out/logPrueba.log105 
persona105 : ./out/logPrueba.log106 
persona106 : ./out/logPrueba.log107 
persona107 : ./out/logPrueba.log108 
persona108 : ./out/logPrueba.log109 
persona109 : ./out/logPrueba.log110 
persona110 : ./out/logPrueba.log111 
persona111 : ./out/logPrueba.log112 
persona112 : ./out/logPrueba.log113 
persona113 : ./out/logPrueba.log114 
persona114 : ./out/logPrueba.log115 
persona115 : ./out/logPrueba.log116 
persona116 : ./out/logPrueba.log117 
persona117 : ./out/logPrueba.log118 
persona118 : ./out/logPrueba.log119 
persona119 : ./out/logPrueba.log120 
persona120 : ./out/logPrueba.log121 
persona121 : ./out/logPrueba.log122 
persona122 : ./out/logPrueba.log123 
persona123 : ./out/logPrueba.log124 
persona124 : ./out/logPrueba.log125 
persona125 : ./out/logPrueba.log126 
persona126 : ./out/logPrueba.log127 
persona127 : ./out/logPrueba.log128 
persona128 : ./out/logPrueba.log129 
persona129 : ./out/logPrueba.log130 
persona130 : ./out/logPrueba.log131 
persona131 : ./out/logPrueba.log132 
persona132 : ./out/logPrueba.log133 
persona133 : ./out/logPrueba.log134 
persona134 : ./out/logPrueba.log135 
persona135 : ./out/logPrueba.log136 
persona136 : ./out/logPrueba.log137 
persona137 : ./out/logPrueba.log138 
persona138 : ./out/logPrueba.log139 
persona139 : ./out/logPrueba.log140 
persona140 : ./out/logPrueba.log141 
persona141 : ./out/logPrueba.log142 
persona142 : ./out/logPrueba.log143 
persona143 : ./out/logPrueba.log144 
persona144 : ./out/logPrueba.log145 
persona145 : ./out/logPrueba.log146 
persona146 : ./out/logPrueba.log147 
persona147 : ./out/logPrueba.log148 
persona148 : ./out/logPrueba.log149 
persona149 : ./out/logPrueba.log150 
persona150 : ./out/logPrueba.log151 
persona151 : ./out/logPrueba.log152 
persona152 : ./out/logPrueba.log153 
persona153 : ./out/logPrueba.log154 
persona154 : ./out/logPrueba.log155 
persona155 : ./out/logPrueba.log156 
persona156 : ./out/logPrueba.log157 
persona157 : ./out/logPrueba.log158 
persona158 : ./out/logPrueba.log159 
persona159 : ./out/logPrueba.log160 
persona160 : ./out/logPrueba.log161 
persona161 : ./out/logPrueba.log162 
persona162 : ./out/logPrueba.log163 
persona163 : ./out/logPrueba.log164 
persona164 : ./out/logPrueba.log165 
persona165 : ./out/logPrueba.log166 
persona166 : ./out/logPrueba.log167 
persona167 : ./out/logPrueba.log168 
persona168 : ./out/logPrueba.log169 
persona169 : ./out/logPrueba.log170 
persona170 : ./out/logPrueba.log171 
persona171 : ./out/logPrueba.log172 
persona172 : ./out/logPrueba.log173 
persona173 : ./out/logPrueba.log174 
persona174 : ./out/logPrueba.log175 
persona175 : ./out/logPrueba.log176 
persona176 : ./out/logPrueba.log177 
persona177 : ./out/logPrueba.log178 
persona178 : ./out/logPrueba.log179 
persona179 : ./out/logPrueba.log180 
persona180 : ./out/logPrueba.log181 
persona181 : ./out/logPrueba.log182 
persona182 : ./out/logPrueba.log183 
persona183 : ./out/logPrueba.log184 
persona184 : ./out/logPrueba.log185 
persona185 : ./out/logPrueba.log186 
persona186 : ./out/logPrueba.log187 
persona187 : ./out/logPrueba.log188 
persona188 : ./out/logPrueba.log189 
persona189 : ./out/logPrueba.log190 
persona190 : ./out/logPrueba.log191 
persona191 : ./out/logPrueba.log192 
persona192 : ./out/logPrueba.log193 
persona193 : ./out/logPrueba.log194 
persona194 : ./out/logPrueba.log195 
persona195 : ./out/logPrueba.log196 
persona196 : ./out/logPrueba.log197 
persona197 : ./out/logPrueba.log198 
persona198 : ./out/logPrueba.log199 
persona199 : ./out/logPrueba.log200 
persona200 : ./out/logPrueba.log201 
persona201 : ./out/logPrueba.log202 
persona202 : ./out/logPrueba.log203 
persona203 : ./out/logPrueba.log204 
persona204 : ./out/logPrueba.log205 
persona205 : ./out/logPrueba.log206 
persona206 : ./out/logPrueba.log207 
persona207 : ./out/logPrueba.log208 
persona208 : ./out/logPrueba.log209 
persona209 : ./out/logPrueba.log210 
persona210 : ./out/logPrueba.log211 
persona211 : ./out/logPrueba.log212 
persona212 : ./out/logPrueba.log213 
persona213 : ./out/logPrueba.log214 
persona214 : ./out/logPrueba.log215 
persona215 : ./out/logPrueba.log216 
persona216 : ./out/logPrueba.log217 
persona217 : ./out/logPrueba.log218 
persona218 : ./out/logPrueba.log219 
persona219 : ./out/logPrueba.log220 
persona220 : ./out/logPrueba.log221 
persona221 : ./out/logPrueba.log222 
persona222 : ./out/logPrueba.log223 
persona223 : ./out/logPrueba.log224 
persona224 : ./out/logPrueba.log225 
persona225 : ./out/logPrueba.log226 
persona226 : ./out/logPrueba.log227 
persona227 : ./out/logPrueba.log228 
persona228 : ./out/logPrueba.log229 
persona229 : ./out/logPrueba.log230 
persona230 : ./out/logPrueba.log231 
persona231 : ./out/logPrueba.log232 
persona232 : ./out/logPrueba.log233 
persona233 : ./out/logPrueba.log234 
persona234 : ./out/logPrueba.log235 
persona235 : ./out/logPrueba.log236 
persona236 : ./out/logPrueba.log237 
persona237 : ./out/logPrueba.log238 
persona238 : ./out/logPrueba.log239 
persona239 : ./out/logPrueba.log240 
persona240 : ./out/logPrueba.log241 
persona241 : ./out/logPrueba.log242 
persona242 : ./out/logPrueba.log243 
persona243 : ./out/logPrueba.log244 
persona244 : ./out/logPrueba.log245 
persona245 : ./out/logPrueba.log246 
persona246 : ./out/logPrueba.log247 
persona247 : ./out/logPrueba.log248 
persona248 : ./out/logPrueba.log249 
persona249 : ./out/logPrueba.log250 
persona250 : ./out/logPrueba.log251 
persona251 : ./out/logPrueba.log252 
persona252 : ./out/logPrueba.log253 
persona253 : ./out/logPrueba.log254 
persona254 : ./out/logPrueba.log255 
persona255 : ./out/logPrueba.log256 
persona256 : ./out/logPrueba.log257 
persona257 : ./out/logPrueba.log258 
persona258 : ./out/logPrueba.log259 
persona259 : ./out/logPrueba.log260 
persona260 : ./out/logPrueba.log261 
persona261 : ./out/logPrueba.log262 
persona262 : ./out/logPrueba.log263 
persona263 : ./out/logPrueba.log264 
persona264 : ./out/logPrueba.log265 
persona265 : ./out/logPrueba.log266 
persona266 : ./out/logPrueba.log267 
persona267 : ./out/logPrueba.log268 
persona268 : ./out/logPrueba.log269 
persona269 : ./out/logPrueba.log270 
persona270 : ./out/logPrueba.log271 
persona271 : ./out/logPrueba.log272 
persona272 : ./out/logPrueba.log273 
persona273 : ./out/logPrueba.log274 
persona274 : ./out/logPrueba.log275 
persona275 : ./out/logPrueba.log276 
persona276 : ./out/logPrueba.log277 
persona277 : ./out/logPrueba.log278 
persona278 : ./out/logPrueba.log279 
persona279 : ./out/logPrueba.log280 
persona280 : ./out/logPrueba.log281 
persona281 : ./out/logPrueba.log282 
persona282 : ./out/logPrueba.log283 
persona283 : ./out/logPrueba.log284 
persona284 : ./out/logPrueba.log285 
persona285 : ./out/logPrueba.log286 
persona286 : ./out/logPrueba.log287 
persona287 : ./out/logPrueba.log288 
persona288 : ./out/logPrueba.log289 
persona289 : ./out/logPrueba.log290 
persona290 : ./out/logPrueba.log291 
persona291 : ./out/logPrueba.log292 
persona292 : ./out/logPrueba.log293 
persona293 : ./out/logPrueba.log294 
persona294 : ./out/logPrueba.log295 
persona295 : ./out/logPrueba.log296 
persona296 : ./out/logPrueba.log297 
persona297 : ./out/logPrueba.log298 
persona298 : ./out/logPrueba.log299 
persona299 : ./out/logPrueba.log300 
persona300 : ./out/logPrueba.log301 
persona301 : ./out/logPrueba.log302 
persona302 : ./out/logPrueba.log303 
persona303 : ./out/logPrueba.log304 
persona304 : ./out/logPrueba.log305 
persona305 : ./out/logPrueba.log306 
persona306 : ./out/logPrueba.log307 
persona307 : ./out/logPrueba.log308 
persona308 : ./out/logPrueba.log309 
persona309 : ./out/logPrueba.log310 
persona310 : ./out/logPrueba.log311 
persona311 : ./out/logPrueba.log312 
persona312 : ./out/logPrueba.log313 
persona313 : ./out/logPrueba.log314 
persona314 : ./out/logPrueba.log315 
persona315 : ./out/logPrueba.log316 
persona316 : ./out/logPrueba.log317 
persona317 : ./out/logPrueba.log318 
persona318 : ./out/logPrueba.log319 
persona319 : ./out/logPrueba.log320 
persona320 : ./out/logPrueba.log321 
persona321 : ./out/logPrueba.log322 
persona322 : ./out/logPrueba.log323 
persona323 : ./out/logPrueba.log324 
persona324 : ./out/logPrueba.log325 
persona325 : ./out/logPrueba.log326 
persona326 : ./out/logPrueba.log327 
persona327 : ./out/logPrueba.log328 
persona328 : ./out/logPrueba.log329 
persona329 : ./out/logPrueba.log330 
persona330 : ./out/logPrueba.log331 
persona331 : ./out/logPrueba.log332 
persona332 : ./out/logPrueba.log333 
persona333 : ./out/logPrueba.log334 
persona334 : ./out/logPrueba.log335 
persona335 : ./out/logPrueba.log336 
persona336 : ./out/logPrueba.log337 
persona337 : ./out/logPrueba.log338 
persona338 : ./out/logPrueba.log339 
persona339 : ./out/logPrueba.log340 
persona340 : ./out/logPrueba.log341 
persona341 : ./out/logPrueba.log342 
persona342 : ./out/logPrueba.log343 
persona343 : ./out/logPrueba.log344 
persona344 : ./out/logPrueba.log345 
persona345 : ./out/logPrueba.log346 
persona346 : ./out/logPrueba.log347 
persona347 : ./out/logPrueba.log348 
persona348 : ./out/logPrueba.log349 
persona349 : ./out/logPrueba.log350 
persona350 : ./out/logPrueba.log351 
persona351 : ./out/logPrueba.log352 
persona352 : ./out/logPrueba.log353 
persona353 : ./out/logPrueba.log354 
persona354 : ./out/logPrueba.log355 
persona355 : ./out/logPrueba.log356 
persona356 : ./out/logPrueba.log357 
persona357 : ./out/logPrueba.log358 
persona358 : ./out/logPrueba.log359 
persona359 : ./out/logPrueba.log360 
persona360 : ./out/logPrueba.log361 
persona361 : ./out/logPrueba.log362 
persona362 : ./out/logPrueba.log363 
persona363 : ./out/logPrueba.log364 
persona364 : ./out/logPrueba.log365 
persona365 : ./out/logPrueba.log366 
persona366 : ./out/logPrueba.log367 
persona367 : ./out/logPrueba.log368 
persona368 : ./out/logPrueba.log369 
persona369 : ./out/logPrueba.log370 
persona370 : ./out/logPrueba.log371 
persona371 : ./out/logPrueba.log372 
persona372 : ./out/logPrueba.log373 
persona373 : ./out/logPrueba.log374 
persona374 : ./out/logPrueba.log375 
persona375 : ./out/logPrueba.log376 
persona376 : ./out/logPrueba.log377 
persona377 : ./out/logPrueba.log378 
persona378 : ./out/logPrueba.log379 
persona379 : ./out/logPrueba.log380 
persona380 : ./out/logPrueba.log381 
persona381 : ./out/logPrueba.log382 
persona382 : ./out/logPrueba.log383 
persona383 : ./out/logPrueba.log384 
persona384 : ./out/logPrueba.log385 
persona385 : ./out/logPrueba.log386 
persona386 : ./out/logPrueba.log387 
persona387 : ./out/logPrueba.log388 
persona388 : ./out/logPrueba.log389 
persona389 : ./out/logPrueba.log390 
persona390 : ./out/logPrueba.log391 
persona391 : ./out/logPrueba.log392 
persona392 : ./out/logPrueba.log393 
persona393 : ./out/logPrueba.log394 
persona394 : ./out/logPrueba.log395 
persona395 : ./out/logPrueba.log396 
persona396 : ./out/logPrueba.log397 
persona397 : ./out/logPrueba.log398 
persona398 : ./out/logPrueba.log399 
persona399 : ./out/logPrueba.log400 
persona400 : ./out/logPrueba.log401 
persona401 : ./out/logPrueba.log402 
persona402 : ./out/logPrueba.log403 
persona403 : ./out/logPrueba.log404 
persona404 : ./out/logPrueba.log405 
persona405 : ./out/logPrueba.log406 
persona406 : ./out/logPrueba.log407 
persona407 : ./out/logPrueba.log408 
persona408 : ./out/logPrueba.log409 
persona409 : ./out/logPrueba.log410 
persona410 : ./out/logPrueba.log411 
persona411 : ./out/logPrueba.log412 
persona412 : ./out/logPrueba.log413 
persona413 : ./out/logPrueba.log414 
persona414 : ./out/logPrueba.log415 
persona415 : ./out/logPrueba.log416 
persona416 : ./out/logPrueba.log417 
persona417 : ./out/logPrueba.log418 
persona418 : ./out/logPrueba.log419 
persona419 : ./out/logPrueba.log420 
persona420 : ./out/logPrueba.log421 
persona421 : ./out/logPrueba.log422 
persona422 : ./out/logPrueba.log423 
persona423 : ./out/logPrueba.log424 
persona424 : ./out/logPrueba.log425 
persona425 : ./out/logPrueba.log426 
persona426 : ./out/logPrueba.log427 
persona427 : ./out/logPrueba.log428 
persona428 : ./out/logPrueba.log429 
persona429 : ./out/logPrueba.log430 
persona430 : ./out/logPrueba.log431 
persona431 : ./out/logPrueba.log432 
persona432 : ./out/logPrueba.log433 
persona433 : ./out/logPrueba.log434 
persona434 : ./out/logPrueba.log435 
persona435 : ./out/logPrueba.log436 
persona436 : ./out/logPrueba.log437 
persona437 : ./out/logPrueba.log438 
persona438 : ./out/logPrueba.log439 
persona439 : ./out/logPrueba.log440 
persona440 : ./out/logPrueba.log441 
persona441 : ./out/logPrueba.log442 
persona442 : ./out/logPrueba.log443 
persona443 : ./out/logPrueba.log444 
persona444 : ./out/logPrueba.log445 
persona445 : ./out/logPrueba.log446 
persona446 : ./out/logPrueba.log447 
persona447 : ./out/logPrueba.log448 
persona448 : ./out/logPrueba.log449 
persona449 : ./out/logPrueba.log450 
persona450 : ./out/logPrueba.log451 
persona451 : ./out/logPrueba.log452 
persona452 : ./out/logPrueba.log453 
persona453 : ./out/logPrueba.log454 
persona454 : ./out/logPrueba.log455 
persona455 : ./out/logPrueba.log456 
persona456 : ./out/logPrueba.log457 
persona457 : ./out/logPrueba.log458 
persona458 : ./out/logPrueba.log459 
persona459 : ./out/logPrueba.log460 
persona460 : ./out/logPrueba.log461 
persona461 : ./out/logPrueba.log462 
persona462 : ./out/logPrueba.log463 
persona463 : ./out/logPrueba.log464 
persona464 : ./out/logPrueba.log465 
persona465 : ./out/logPrueba.log466 
persona466 : ./out/logPrueba.log467 
persona467 : ./out/logPrueba.log468 
persona468 : ./out/logPrueba.log469 
persona469 : ./out/logPrueba.log470 
persona470 : ./out/logPrueba.log471 
persona471 : ./out/logPrueba.log472 
persona472 : ./out/logPrueba.log473 
persona473 : ./out/logPrueba.log474 
persona474 : ./out/logPrueba.log475 
persona475 : ./out/logPrueba.log476 
persona476 : ./out/logPrueba.log477 
persona477 : ./out/logPrueba.log478 
persona478 : ./out/logPrueba.log479 
persona479 : ./out/logPrueba.log480 
persona480 : ./out/logPrueba.log481 
persona481 : ./out/logPrueba.log482 
persona482 : ./out/logPrueba.log483 
persona483 : ./out/logPrueba.log484 
persona484 : ./out/logPrueba.log485 
persona485 : ./out/logPrueba.log486 
persona486 : ./out/logPrueba.log487 
persona487 : ./out/logPrueba.log488 
persona488 : ./out/logPrueba.log489 
persona489 : ./out/logPrueba.log490 
persona490 : ./out/logPrueba.log491 
persona491 : ./out/logPrueba.log492 
persona492 : ./out/logPrueba.log493 
persona493 : ./out/logPrueba.log494 
persona494 : ./out/logPrueba.log495 
persona495 : ./out/logPrueba.log496 
persona496 : ./out/logPrueba.log497 
persona497 : ./out/logPrueba.log498 
persona498 : ./out/logPrueba.log499 
persona499 : ./out/logPrueba.log500 
persona500 : ./out/logPrueba.log501 
persona501 : ./out/logPrueba.log502 
persona502 : ./out/logPrueba.log503 
persona503 : ./out/logPrueba.log504 
persona504 : ./out/logPrueba.log505 
persona505 : ./out/logPrueba.log506 
persona506 : ./out/logPrueba.log507 
persona507 : ./out/logPrueba.log508 
persona508 : ./out/logPrueba.log509 
persona509 : ./out/logPrueba.log510 
persona510 : ./out/logPrueba.log511 
persona511 : ./out/logPrueba.log512 
persona512 : ./out/logPrueba.log513 
persona513 : ./out/logPrueba.log514 
persona514 : ./out/logPrueba.log515 
persona515 : ./out/logPrueba.log516 
persona516 : ./out/logPrueba.log517 
persona517 : ./out/logPrueba.log518 
persona518 : ./out/logPrueba.log519 
persona519 : ./out/logPrueba.log520 
persona520 : ./out/logPrueba.log521 
persona521 : ./out/logPrueba.log522 
persona522 : ./out/logPrueba.log523 
persona523 : ./out/logPrueba.log524 
persona524 : ./out/logPrueba.log525 
persona525 : ./out/logPrueba.log526 
persona526 : ./out/logPrueba.log527 
persona527 : ./out/logPrueba.log528 
persona528 : ./out/logPrueba.log529 
persona529 : ./out/logPrueba.log530 
persona530 : ./out/logPrueba.log531 
persona531 : ./out/logPrueba.log532 
persona532 : ./out/logPrueba.log533 
persona533 : ./out/logPrueba.log534 
persona534 : ./out/logPrueba.log535 
persona535 : ./out/logPrueba.log536 
persona536 : ./out/logPrueba.log537 
persona537 : ./out/logPrueba.log538 
persona538 : ./out/logPrueba.log539 
persona539 : ./out/logPrueba.log540 
persona540 : ./out/logPrueba.log541 
persona541 : ./out/logPrueba.log542 
persona542 : ./out/logPrueba.log543 
persona543 : ./out/logPrueba.log544 
persona544 : ./out/logPrueba.log545 
persona545 : ./out/logPrueba.log546 
persona546 : ./out/logPrueba.log547 
persona547 : ./out/logPrueba.log548 
persona548 : ./out/logPrueba.log549 
persona549 : ./out/logPrueba.log550 
persona550 : ./out/logPrueba.log551 
persona551 : ./out/logPrueba.log552 
persona552 : ./out/logPrueba.log553 
persona553 : ./out/logPrueba.log554 
persona554 : ./out/logPrueba.log555 
persona555 : ./out/logPrueba.log556 
persona556 : ./out/logPrueba.log557 
persona557 : ./out/logPrueba.log558 
persona558 : ./out/logPrueba.log559 
persona559 : ./out/logPrueba.log560 
persona560 : ./out/logPrueba.log561 
persona561 : ./out/logPrueba.log562 
persona562 : ./out/logPrueba.log563 
persona563 : ./out/logPrueba.log564 
persona564 : ./out/logPrueba.log565 
persona565 : ./out/logPrueba.log566 
persona566 : ./out/logPrueba.log567 
persona567 : ./out/logPrueba.log568 
persona568 : ./out/logPrueba.log569 
persona569 : ./out/logPrueba.log570 
persona570 : ./out/logPrueba.log571 
persona571 : ./out/logPrueba.log572 
persona572 : ./out/logPrueba.log573 
persona573 : ./out/logPrueba.log574 
persona574 : ./out/logPrueba.log575 
persona575 : ./out/logPrueba.log576 
persona576 : ./out/logPrueba.log577 
persona577 : ./out/logPrueba.log578 
persona578 : ./out/logPrueba.log579 
persona579 : ./out/logPrueba.log580 
persona580 : ./out/logPrueba.log581 
persona581 : ./out/logPrueba.log582 
persona582 : ./out/logPrueba.log583 
persona583 : ./out/logPrueba.log584 
persona584 : ./out/logPrueba.log585 
persona585 : ./out/logPrueba.log586 
persona586 : ./out/logPrueba.log587 
persona587 : ./out/logPrueba.log588 
persona588 : ./out/logPrueba.log589 
persona589 : ./out/logPrueba.log590 
persona590 : ./out/logPrueba.log591 
persona591 : ./out/logPrueba.log592 
persona592 : ./out/logPrueba.log593 
persona593 : ./out/logPrueba.log594 
persona594 : ./out/logPrueba.log595 
persona595 : ./out/logPrueba.log596 
persona596 : ./out/logPrueba.log597 
persona597 : ./out/logPrueba.log598 
persona598 : ./out/logPrueba.log599 
persona599 : ./out/logPrueba.log600 
persona600 : ./out/logPrueba.log601 
persona601 : ./out/logPrueba.log602 
persona602 : ./out/logPrueba.log603 
persona603 : ./out/logPrueba.log604 
persona604 : ./out/logPrueba.log605 
persona605 : ./out/logPrueba.log606 
persona606 : ./out/logPrueba.log607 
persona607 : ./out/logPrueba.log608 
persona608 : ./out/logPrueba.log609 
persona609 : ./out/logPrueba.log610 
persona610 : ./out/logPrueba.log611 
persona611 : ./out/logPrueba.log612 
persona612 : ./out/logPrueba.log613 
persona613 : ./out/logPrueba.log614 
persona614 : ./out/logPrueba.log615 
persona615 : ./out/logPrueba.log616 
persona616 : ./out/logPrueba.log617 
persona617 : ./out/logPrueba.log618 
persona618 : ./out/logPrueba.log619 
persona619 : ./out/logPrueba.log620 
persona620 : ./out/logPrueba.log621 
persona621 : ./out/logPrueba.log622 
persona622 : ./out/logPrueba.log623 
persona623 : ./out/logPrueba.log624 
persona624 : ./out/logPrueba.log625 
persona625 : ./out/logPrueba.log626 
persona626 : ./out/logPrueba.log627 
persona627 : ./out/logPrueba.log628 
persona628 : ./out/logPrueba.log629 
persona629 : ./out/logPrueba.log630 
persona630 : ./out/logPrueba.log631 
persona631 : ./out/logPrueba.log632 
persona632 : ./out/logPrueba.log633 
persona633 : ./out/logPrueba.log634 
persona634 : ./out/logPrueba.log635 
persona635 : ./out/logPrueba.log636 
persona636 : ./out/logPrueba.log637 
persona637 : ./out/logPrueba.log638 
persona638 : ./out/logPrueba.log639 
persona639 : ./out/logPrueba.log640 
persona640 : ./out/logPrueba.log641 
persona641 : ./out/logPrueba.log642 
persona642 : ./out/logPrueba.log643 
persona643 : ./out/logPrueba.log644 
persona644 : ./out/logPrueba.log645 
persona645 : ./out/logPrueba.log646 
persona646 : ./out/logPrueba.log647 
persona647 : ./out/logPrueba.log648 
persona648 : ./out/logPrueba.log649 
persona649 : ./out/logPrueba.log650 
persona650 : ./out/logPrueba.log651 
persona651 : ./out/logPrueba.log652 
persona652 : ./out/logPrueba.log653 
persona653 : ./out/logPrueba.log654 
persona654 : ./out/logPrueba.log655 
persona655 : ./out/logPrueba.log656 
persona656 : ./out/logPrueba.log657 
persona657 : ./out/logPrueba.log658 
persona658 : ./out/logPrueba.log659 
persona659 : ./out/logPrueba.log660 
persona660 : ./out/logPrueba.log661 
persona661 : ./out/logPrueba.log662 
persona662 : ./out/logPrueba.log663 
persona663 : ./out/logPrueba.log664 
persona664 : ./out/logPrueba.log665 
persona665 : ./out/logPrueba.log666 
persona666 : ./out/logPrueba.log667 
persona667 : ./out/logPrueba.log668 
persona668 : ./out/logPrueba.log669 
persona669 : ./out/logPrueba.log670 
persona670 : ./out/logPrueba.log671 
persona671 : ./out/logPrueba.log672 
persona672 : ./out/logPrueba.log673 
persona673 : ./out/logPrueba.log674 
persona674 : ./out/logPrueba.log675 
persona675 : ./out/logPrueba.log676 
persona676 : ./out/logPrueba.log677 
persona677 : ./out/logPrueba.log678 
persona678 : ./out/logPrueba.log679 
persona679 : ./out/logPrueba.log680 
persona680 : ./out/logPrueba.log681 
persona681 : ./out/logPrueba.log682 
persona682 : ./out/logPrueba.log683 
persona683 : ./out/logPrueba.log684 
persona684 : ./out/logPrueba.log685 
persona685 : ./out/logPrueba.log686 
persona686 : ./out/logPrueba.log687 
persona687 : ./out/logPrueba.log688 
persona688 : ./out/logPrueba.log689 
persona689 : ./out/logPrueba.log690 
persona690 : ./out/logPrueba.log691 
persona691 : ./out/logPrueba.log692 
persona692 : ./out/logPrueba.log693 
persona693 : ./out/logPrueba.log694 
persona694 : ./out/logPrueba.log695 
persona695 : ./out/logPrueba.log696 
persona696 : ./out/logPrueba.log697 
persona697 : ./out/logPrueba.log698 
persona698 : ./out/logPrueba.log699 
persona699 : ./out/logPrueba.log700 
persona700 : ./out/logPrueba.log701 
persona701 : ./out/logPrueba.log702 
persona702 : ./out/logPrueba.log703 
persona703 : ./out/logPrueba.log704 
persona704 : ./out/logPrueba.log705 
persona705 : ./out/logPrueba.log706 
persona706 : ./out/logPrueba.log707 
persona707 : ./out/logPrueba.log708 
persona708 : ./out/logPrueba.log709 
persona709 : ./out/logPrueba.log710 
persona710 : ./out/logPrueba.log711 
persona711 : ./out/logPrueba.log712 
persona712 : ./out/logPrueba.log713 
persona713 : ./out/logPrueba.log714 
persona714 : ./out/logPrueba.log715 
persona715 : ./out/logPrueba.log716 
persona716 : ./out/logPrueba.log717 
persona717 : ./out/logPrueba.log718 
persona718 : ./out/logPrueba.log719 
persona719 : ./out/logPrueba.log720 
persona720 : ./out/logPrueba.log721 
persona721 : ./out/logPrueba.log722 
persona722 : ./out/logPrueba.log723 
persona723 : ./out/logPrueba.log724 
persona724 : ./out/logPrueba.log725 
persona725 : ./out/logPrueba.log726 
persona726 : ./out/logPrueba.log727 
persona727 : ./out/logPrueba.log728 
persona728 : ./out/logPrueba.log729 
persona729 : ./out/logPrueba.log730 
persona730 : ./out/logPrueba.log731 
persona731 : ./out/logPrueba.log732 
persona732 : ./out/logPrueba.log733 
persona733 : ./out/logPrueba.log734 
persona734 : ./out/logPrueba.log735 
persona735 : ./out/logPrueba.log736 
persona736 : ./out/logPrueba.log737 
persona737 : ./out/logPrueba.log738 
persona738 : ./out/logPrueba.log739 
persona739 : ./out/logPrueba.log740 
persona740 : ./out/logPrueba.log741 
persona741 : ./out/logPrueba.log742 
persona742 : ./out/logPrueba.log743 
persona743 : ./out/logPrueba.log744 
persona744 : ./out/logPrueba.log745 
persona745 : ./out/logPrueba.log746 
persona746 : ./out/logPrueba.log747 
persona747 : ./out/logPrueba.log748 
persona748 : ./out/logPrueba.log749 
persona749 : ./out/logPrueba.log750 
persona750 : ./out/logPrueba.log751 
persona751 : ./out/logPrueba.log752 
persona752 : ./out/logPrueba.log753 
persona753 : ./out/logPrueba.log754 
persona754 : ./out/logPrueba.log755 
persona755 : ./out/logPrueba.log756 
persona756 : ./out/logPrueba.log757 
persona757 : ./out/logPrueba.log758 
persona758 : ./out/logPrueba.log759 
persona759 : ./out/logPrueba.log760 
persona760 : ./out/logPrueba.log761 
persona761 : ./out/logPrueba.log762 
persona762 : ./out/logPrueba.log763 
persona763 : ./out/logPrueba.log764 
persona764 : ./out/logPrueba.log765 
persona765 : ./out/logPrueba.log766 
persona766 : ./out/logPrueba.log767 
persona767 : ./out/logPrueba.log768 
persona768 : ./out/logPrueba.log769 
persona769 : ./out/logPrueba.log770 
persona770 : ./out/logPrueba.log771 
persona771 : ./out/logPrueba.log772 
persona772 : ./out/logPrueba.log773 
persona773 : ./out/logPrueba.log774 
persona774 : ./out/logPrueba.log775 
persona775 : ./out/logPrueba.log776 
persona776 : ./out/logPrueba.log777 
persona777 : ./out/logPrueba.log778 
persona778 : ./out/logPrueba.log779 
persona779 : ./out/logPrueba.log780 
persona780 : ./out/logPrueba.log781 
persona781 : ./out/logPrueba.log782 
persona782 : ./out/logPrueba.log783 
persona783 : ./out/logPrueba.log784 
persona784 : ./out/logPrueba.log785 
persona785 : ./out/logPrueba.log786 
persona786 : ./out/logPrueba.log787 
persona787 : ./out/logPrueba.log788 
persona788 : ./out/logPrueba.log789 
persona789 : ./out/logPrueba.log790 
persona790 : ./out/logPrueba.log791 
persona791 : ./out/logPrueba.log792 
persona792 : ./out/logPrueba.log793 
persona793 : ./out/logPrueba.log794 
persona794 : ./out/logPrueba.log795 
persona795 : ./out/logPrueba.log796 
persona796 : ./out/logPrueba.log797 
persona797 : ./out/logPrueba.log798 
persona798 : ./out/logPrueba.log799 
persona799 : ./out/logPrueba.log800 
persona800 : ./out/logPrueba.log801 
persona801 : ./out/logPrueba.log802 
persona802 : ./out/logPrueba.log803 
persona803 : ./out/logPrueba.log804 
persona804 : ./out/logPrueba.log805 
persona805 : ./out/logPrueba.log806 
persona806 : ./out/logPrueba.log807 
persona807 : ./out/logPrueba.log808 
persona808 : ./out/logPrueba.log809 
persona809 : ./out/logPrueba.log810 
persona810 : ./out/logPrueba.log811 
persona811 : ./out/logPrueba.log812 
persona812 : ./out/logPrueba.log813 
persona813 : ./out/logPrueba.log814 
persona814 : ./out/logPrueba.log815 
persona815 : ./out/logPrueba.log816 
persona816 : ./out/logPrueba.log817 
persona817 : ./out/logPrueba.log818 
persona818 : ./out/logPrueba.log819 
persona819 : ./out/logPrueba.log820 
persona820 : ./out/logPrueba.log821 
persona821 : ./out/logPrueba.log822 
persona822 : ./out/logPrueba.log823 
persona823 : ./out/logPrueba.log824 
persona824 : ./out/logPrueba.log825 
persona825 : ./out/logPrueba.log826 
persona826 : ./out/logPrueba.log827 
persona827 : ./out/logPrueba.log828 
persona828 : ./out/logPrueba.log829 
persona829 : ./out/logPrueba.log830 
persona830 : ./out/logPrueba.log831 
persona831 : ./out/logPrueba.log832 
persona832 : ./out/logPrueba.log833 
persona833 : ./out/logPrueba.log834 
persona834 : ./out/logPrueba.log835 
persona835 : ./out/logPrueba.log836 
persona836 : ./out/logPrueba.log837 
persona837 : ./out/logPrueba.log838 
persona838 : ./out/logPrueba.log839 
persona839 : ./out/logPrueba.log840 
persona840 : ./out/logPrueba.log841 
persona841 : ./out/logPrueba.log842 
persona842 : ./out/logPrueba.log843 
persona843 : ./out/logPrueba.log844 
persona844 : ./out/logPrueba.log845 
persona845 : ./out/logPrueba.log846 
persona846 : ./out/logPrueba.log847 
persona847 : ./out/logPrueba.log848 
persona848 : ./out/logPrueba.log849 
persona849 : ./out/logPrueba.log850 
persona850 : ./out/logPrueba.log851 
persona851 : ./out/logPrueba.log852 
persona852 : ./out/logPrueba.log853 
persona853 : ./out/logPrueba.log854 
persona854 : ./out/logPrueba.log855 
persona855 : ./out/logPrueba.log856 
persona856 : ./out/logPrueba.log857 
persona857 : ./out/logPrueba.log858 
persona858 : ./out/logPrueba.log859 
persona859 : ./out/logPrueba.log860 
persona860 : ./out/logPrueba.log861 
persona861 : ./out/logPrueba.log862 
persona862 : ./out/logPrueba.log863 
persona863 : ./out/logPrueba.log864 
persona864 : ./out/logPrueba.log865 
persona865 : ./out/logPrueba.log866 
persona866 : ./out/logPrueba.log867 
persona867 : ./out/logPrueba.log868 
persona868 : ./out/logPrueba.log869 
persona869 : ./out/logPrueba.log870 
persona870 : ./out/logPrueba.log871 
persona871 : ./out/logPrueba.log872 
persona872 : ./out/logPrueba.log873 
persona873 : ./out/logPrueba.log874 
persona874 : ./out/logPrueba.log875 
persona875 : ./out/logPrueba.log876 
persona876 : ./out/logPrueba.log877 
persona877 : ./out/logPrueba.log878 
persona878 : ./out/logPrueba.log879 
persona879 : ./out/logPrueba.log880 
persona880 : ./out/logPrueba.log881 
persona881 : ./out/logPrueba.log882 
persona882 : ./out/logPrueba.log883 
persona883 : ./out/logPrueba.log884 
persona884 : ./out/logPrueba.log885 
persona885 : ./out/logPrueba.log886 
persona886 : ./out/logPrueba.log887 
persona887 : ./out/logPrueba.log888 
persona888 : ./out/logPrueba.log889 
persona889 : ./out/logPrueba.log890 
persona890 : ./out/logPrueba.log891 
persona891 : ./out/logPrueba.log892 
persona892 : ./out/logPrueba.log893 
persona893 : ./out/logPrueba.log894 
persona894 : ./out/logPrueba.log895 
persona895 : ./out/logPrueba.log896 
persona896 : ./out/logPrueba.log897 
persona897 : ./out/logPrueba.log898 
persona898 : ./out/logPrueba.log899 
persona899 : ./out/logPrueba.log900 
persona900 : ./out/logPrueba.log901 
persona901 : ./out/logPrueba.log902 
persona902 : ./out/logPrueba.log903 
persona903 : ./out/logPrueba.log904 
persona904 : ./out/logPrueba.log905 
persona905 : ./out/logPrueba.log906 
persona906 : ./out/logPrueba.log907 
persona907 : ./out/logPrueba.log908 
persona908 : ./out/logPrueba.log909 
persona909 : ./out/logPrueba.log910 
persona910 : ./out/logPrueba.log911 
persona911 : ./out/logPrueba.log912 
persona912 : ./out/logPrueba.log913 
persona913 : ./out/logPrueba.log914 
persona914 : ./out/logPrueba.log915 
persona915 : ./out/logPrueba.log916 
persona916 : ./out/logPrueba.log917 
persona917 : ./out/logPrueba.log918 
persona918 : ./out/logPrueba.log919 
persona919 : ./out/logPrueba.log920 
persona920 : ./out/logPrueba.log921 
persona921 : ./out/logPrueba.log922 
persona922 : ./out/logPrueba.log923 
persona923 : ./out/logPrueba.log924 
persona924 : ./out/logPrueba.log925 
persona925 : ./out/logPrueba.log926 
persona926 : ./out/logPrueba.log927 
persona927 : ./out/logPrueba.log928 
persona928 : ./out/logPrueba.log929 
persona929 : ./out/logPrueba.log930 
persona930 : ./out/logPrueba.log931 
persona931 : ./out/logPrueba.log932 
persona932 : ./out/logPrueba.log933 
persona933 : ./out/logPrueba.log934 
persona934 : ./out/logPrueba.log935 
persona935 : ./out/logPrueba.log936 
persona936 : ./out/logPrueba.log937 
persona937 : ./out/logPrueba.log938 
persona938 : ./out/logPrueba.log939 
persona939 : ./out/logPrueba.log940 
persona940 : ./out/logPrueba.log941 
persona941 : ./out/logPrueba.log942 
persona942 : ./out/logPrueba.log943 
persona943 : ./out/logPrueba.log944 
persona944 : ./out/logPrueba.log945 
persona945 : ./out/logPrueba.log946 
persona946 : ./out/logPrueba.log947 
persona947 : ./out/logPrueba.log948 
persona948 : ./out/logPrueba.log949 
persona949 : ./out/logPrueba.log950 
persona950 : ./out/logPrueba.log951 
persona951 : ./out/logPrueba.log952 
persona952 : ./out/logPrueba.log953 
persona953 : ./out/logPrueba.log954 
persona954 : ./out/logPrueba.log955 
persona955 : ./out/logPrueba.log956 
persona956 : ./out/logPrueba.log957 
persona957 : ./out/logPrueba.log958 
persona958 : ./out/logPrueba.log959 
persona959 : ./out/logPrueba.log960 
persona960 : ./out/logPrueba.log961 
persona961 : ./out/logPrueba.log962 
persona962 : ./out/logPrueba.log963 
persona963 : ./out/logPrueba.log964 
persona964 : ./out/logPrueba.log965 
persona965 : ./out/logPrueba.log966 
persona966 : ./out/logPrueba.log967 
persona967 : ./out/logPrueba.log968 
persona968 : ./out/logPrueba.log969 
persona969 : ./out/logPrueba.log970 
persona970 : ./out/logPrueba.log971 
persona971 : ./out/logPrueba.log972 
persona972 : ./out/logPrueba.log973 
persona973 : ./out/logPrueba.log974 
persona974 : ./out/logPrueba.log975 
persona975 : ./out/logPrueba.log976 
persona976 : ./out/logPrueba.log977 
persona977 : ./out/logPrueba.log978 
persona978 : ./out/logPrueba.log979 
persona979 : ./out/logPrueba.log980 
persona980 : ./out/logPrueba.log981 
persona981 : ./out/logPrueba.log982 
persona982 : ./out/logPrueba.log983 
persona983 : ./out/logPrueba.log984 
persona984 : ./out/logPrueba.log985 
persona985 : ./out/logPrueba.log986 
persona986 : ./out/logPrueba.log987 
persona987 : ./out/logPrueba.log988 
persona988 : ./out/logPrueba.log989 
persona989 : ./out/logPrueba.log990 
persona990 : ./out/logPrueba.log991 
persona991 : ./out/logPrueba.log992 
persona992 : ./out/logPrueba.log993 
persona993 : ./out/logPrueba.log994 
persona994 : ./out/logPrueba.log995 
persona995 : ./out/logPrueba.log996 
persona996 : ./out/logPrueba.log997 
persona997 : ./out/logPrueba.log998 
persona998 : ./out/logPrueba.log999 
persona999 : ./out/logPrueba.log1000 
